<?xml version="1.0" encoding="UTF-8"?>
<!-- Generated by org.testng.reporters.JUnitReportReporter -->
<testsuite skipped="0" hostname="LTPCHE102076955" name="Common" tests="1" failures="0" timestamp="2020-07-15T19:52:46 IST" time="65.227" errors="0">
  <testcase name="launchBrowser" time="65.227" classname="Common"/>
  <system-out/>
</testsuite> <!-- Common -->
