<?xml version="1.0" encoding="UTF-8"?>
<!-- Generated by org.testng.reporters.JUnitReportReporter -->
<testsuite skipped="0" hostname="LTPCHE102076955" name="com.mypackage.MyClass.Common" tests="1" failures="0" timestamp="2020-07-17T00:25:19 IST" time="76.852" errors="0">
  <testcase name="launchBrowser" time="76.852" classname="com.mypackage.MyClass.Common"/>
  <system-out/>
</testsuite> <!-- com.mypackage.MyClass.Common -->
